Traceback (most recent call last):
  File "/opt/anaconda3/lib/python3.9/site-packages/jupyter_cache/executors/utils.py", line 51, in single_nb_execution
    executenb(
  File "/opt/anaconda3/lib/python3.9/site-packages/nbclient/client.py", line 1204, in execute
    return NotebookClient(nb=nb, resources=resources, km=km, **kwargs).execute()
  File "/opt/anaconda3/lib/python3.9/site-packages/nbclient/util.py", line 84, in wrapped
    return just_run(coro(*args, **kwargs))
  File "/opt/anaconda3/lib/python3.9/site-packages/nbclient/util.py", line 62, in just_run
    return loop.run_until_complete(coro)
  File "/opt/anaconda3/lib/python3.9/asyncio/base_events.py", line 647, in run_until_complete
    return future.result()
  File "/opt/anaconda3/lib/python3.9/site-packages/nbclient/client.py", line 663, in async_execute
    await self.async_execute_cell(
  File "/opt/anaconda3/lib/python3.9/site-packages/nbclient/client.py", line 965, in async_execute_cell
    await self._check_raise_for_error(cell, cell_index, exec_reply)
  File "/opt/anaconda3/lib/python3.9/site-packages/nbclient/client.py", line 862, in _check_raise_for_error
    raise CellExecutionError.from_cell_and_msg(cell, exec_reply_content)
nbclient.exceptions.CellExecutionError: An error occurred while executing the following cell:
------------------
df_gapminder['gdp_cap_log'] = np.log10(df_gapminder['gdp_cap']) 
## Show log GDP by life exp
sns.scatterplot(data = df_gapminder, x = 'gdp_cap_log', 
                y = 'life_exp', alpha = .6, hue = "continent", palettestring = "Blues")
------------------

[0;31m---------------------------------------------------------------------------[0m
[0;31mAttributeError[0m                            Traceback (most recent call last)
Input [0;32mIn [12][0m, in [0;36m<cell line: 3>[0;34m()[0m
[1;32m      1[0m df_gapminder[[38;5;124m'[39m[38;5;124mgdp_cap_log[39m[38;5;124m'[39m] [38;5;241m=[39m np[38;5;241m.[39mlog10(df_gapminder[[38;5;124m'[39m[38;5;124mgdp_cap[39m[38;5;124m'[39m]) 
[1;32m      2[0m [38;5;66;03m## Show log GDP by life exp[39;00m
[0;32m----> 3[0m [43msns[49m[38;5;241;43m.[39;49m[43mscatterplot[49m[43m([49m[43mdata[49m[43m [49m[38;5;241;43m=[39;49m[43m [49m[43mdf_gapminder[49m[43m,[49m[43m [49m[43mx[49m[43m [49m[38;5;241;43m=[39;49m[43m [49m[38;5;124;43m'[39;49m[38;5;124;43mgdp_cap_log[39;49m[38;5;124;43m'[39;49m[43m,[49m[43m [49m
[1;32m      4[0m [43m                [49m[43my[49m[43m [49m[38;5;241;43m=[39;49m[43m [49m[38;5;124;43m'[39;49m[38;5;124;43mlife_exp[39;49m[38;5;124;43m'[39;49m[43m,[49m[43m [49m[43malpha[49m[43m [49m[38;5;241;43m=[39;49m[43m [49m[38;5;241;43m.6[39;49m[43m,[49m[43m [49m[43mhue[49m[43m [49m[38;5;241;43m=[39;49m[43m [49m[38;5;124;43m"[39;49m[38;5;124;43mcontinent[39;49m[38;5;124;43m"[39;49m[43m,[49m[43m [49m[43mpalettestring[49m[43m [49m[38;5;241;43m=[39;49m[43m [49m[38;5;124;43m"[39;49m[38;5;124;43mBlues[39;49m[38;5;124;43m"[39;49m[43m)[49m

File [0;32m/opt/anaconda3/lib/python3.9/site-packages/seaborn/_decorators.py:46[0m, in [0;36m_deprecate_positional_args.<locals>.inner_f[0;34m(*args, **kwargs)[0m
[1;32m     36[0m     warnings[38;5;241m.[39mwarn(
[1;32m     37[0m         [38;5;124m"[39m[38;5;124mPass the following variable[39m[38;5;132;01m{}[39;00m[38;5;124m as [39m[38;5;132;01m{}[39;00m[38;5;124mkeyword arg[39m[38;5;132;01m{}[39;00m[38;5;124m: [39m[38;5;132;01m{}[39;00m[38;5;124m. [39m[38;5;124m"[39m
[1;32m     38[0m         [38;5;124m"[39m[38;5;124mFrom version 0.12, the only valid positional argument [39m[38;5;124m"[39m
[0;32m   (...)[0m
[1;32m     43[0m         [38;5;167;01mFutureWarning[39;00m
[1;32m     44[0m     )
[1;32m     45[0m kwargs[38;5;241m.[39mupdate({k: arg [38;5;28;01mfor[39;00m k, arg [38;5;129;01min[39;00m [38;5;28mzip[39m(sig[38;5;241m.[39mparameters, args)})
[0;32m---> 46[0m [38;5;28;01mreturn[39;00m [43mf[49m[43m([49m[38;5;241;43m*[39;49m[38;5;241;43m*[39;49m[43mkwargs[49m[43m)[49m

File [0;32m/opt/anaconda3/lib/python3.9/site-packages/seaborn/relational.py:827[0m, in [0;36mscatterplot[0;34m(x, y, hue, style, size, data, palette, hue_order, hue_norm, sizes, size_order, size_norm, markers, style_order, x_bins, y_bins, units, estimator, ci, n_boot, alpha, x_jitter, y_jitter, legend, ax, **kwargs)[0m
[1;32m    823[0m     [38;5;28;01mreturn[39;00m ax
[1;32m    825[0m p[38;5;241m.[39m_attach(ax)
[0;32m--> 827[0m [43mp[49m[38;5;241;43m.[39;49m[43mplot[49m[43m([49m[43max[49m[43m,[49m[43m [49m[43mkwargs[49m[43m)[49m
[1;32m    829[0m [38;5;28;01mreturn[39;00m ax

File [0;32m/opt/anaconda3/lib/python3.9/site-packages/seaborn/relational.py:608[0m, in [0;36m_ScatterPlotter.plot[0;34m(self, ax, kws)[0m
[1;32m    603[0m scout_size [38;5;241m=[39m [38;5;28mmax[39m(
[1;32m    604[0m     np[38;5;241m.[39matleast_1d(kws[38;5;241m.[39mget([38;5;124m"[39m[38;5;124ms[39m[38;5;124m"[39m, []))[38;5;241m.[39mshape[[38;5;241m0[39m],
[1;32m    605[0m     np[38;5;241m.[39matleast_1d(kws[38;5;241m.[39mget([38;5;124m"[39m[38;5;124mc[39m[38;5;124m"[39m, []))[38;5;241m.[39mshape[[38;5;241m0[39m],
[1;32m    606[0m )
[1;32m    607[0m scout_x [38;5;241m=[39m scout_y [38;5;241m=[39m np[38;5;241m.[39mfull(scout_size, np[38;5;241m.[39mnan)
[0;32m--> 608[0m scout [38;5;241m=[39m [43max[49m[38;5;241;43m.[39;49m[43mscatter[49m[43m([49m[43mscout_x[49m[43m,[49m[43m [49m[43mscout_y[49m[43m,[49m[43m [49m[38;5;241;43m*[39;49m[38;5;241;43m*[39;49m[43mkws[49m[43m)[49m
[1;32m    609[0m s [38;5;241m=[39m kws[38;5;241m.[39mpop([38;5;124m"[39m[38;5;124ms[39m[38;5;124m"[39m, scout[38;5;241m.[39mget_sizes())
[1;32m    610[0m c [38;5;241m=[39m kws[38;5;241m.[39mpop([38;5;124m"[39m[38;5;124mc[39m[38;5;124m"[39m, scout[38;5;241m.[39mget_facecolors())

File [0;32m/opt/anaconda3/lib/python3.9/site-packages/matplotlib/__init__.py:1412[0m, in [0;36m_preprocess_data.<locals>.inner[0;34m(ax, data, *args, **kwargs)[0m
[1;32m   1409[0m [38;5;129m@functools[39m[38;5;241m.[39mwraps(func)
[1;32m   1410[0m [38;5;28;01mdef[39;00m [38;5;21minner[39m(ax, [38;5;241m*[39margs, data[38;5;241m=[39m[38;5;28;01mNone[39;00m, [38;5;241m*[39m[38;5;241m*[39mkwargs):
[1;32m   1411[0m     [38;5;28;01mif[39;00m data [38;5;129;01mis[39;00m [38;5;28;01mNone[39;00m:
[0;32m-> 1412[0m         [38;5;28;01mreturn[39;00m [43mfunc[49m[43m([49m[43max[49m[43m,[49m[43m [49m[38;5;241;43m*[39;49m[38;5;28;43mmap[39;49m[43m([49m[43msanitize_sequence[49m[43m,[49m[43m [49m[43margs[49m[43m)[49m[43m,[49m[43m [49m[38;5;241;43m*[39;49m[38;5;241;43m*[39;49m[43mkwargs[49m[43m)[49m
[1;32m   1414[0m     bound [38;5;241m=[39m new_sig[38;5;241m.[39mbind(ax, [38;5;241m*[39margs, [38;5;241m*[39m[38;5;241m*[39mkwargs)
[1;32m   1415[0m     auto_label [38;5;241m=[39m (bound[38;5;241m.[39marguments[38;5;241m.[39mget(label_namer)
[1;32m   1416[0m                   [38;5;129;01mor[39;00m bound[38;5;241m.[39mkwargs[38;5;241m.[39mget(label_namer))

File [0;32m/opt/anaconda3/lib/python3.9/site-packages/matplotlib/axes/_axes.py:4468[0m, in [0;36mAxes.scatter[0;34m(self, x, y, s, c, marker, cmap, norm, vmin, vmax, alpha, linewidths, edgecolors, plotnonfinite, **kwargs)[0m
[1;32m   4458[0m collection [38;5;241m=[39m mcoll[38;5;241m.[39mPathCollection(
[1;32m   4459[0m         (path,), scales,
[1;32m   4460[0m         facecolors[38;5;241m=[39mcolors,
[0;32m   (...)[0m
[1;32m   4465[0m         alpha[38;5;241m=[39malpha
[1;32m   4466[0m         )
[1;32m   4467[0m collection[38;5;241m.[39mset_transform(mtransforms[38;5;241m.[39mIdentityTransform())
[0;32m-> 4468[0m [43mcollection[49m[38;5;241;43m.[39;49m[43mupdate[49m[43m([49m[43mkwargs[49m[43m)[49m
[1;32m   4470[0m [38;5;28;01mif[39;00m colors [38;5;129;01mis[39;00m [38;5;28;01mNone[39;00m:
[1;32m   4471[0m     collection[38;5;241m.[39mset_array(c)

File [0;32m/opt/anaconda3/lib/python3.9/site-packages/matplotlib/artist.py:1064[0m, in [0;36mArtist.update[0;34m(self, props)[0m
[1;32m   1062[0m             func [38;5;241m=[39m [38;5;28mgetattr[39m([38;5;28mself[39m, [38;5;124mf[39m[38;5;124m"[39m[38;5;124mset_[39m[38;5;132;01m{[39;00mk[38;5;132;01m}[39;00m[38;5;124m"[39m, [38;5;28;01mNone[39;00m)
[1;32m   1063[0m             [38;5;28;01mif[39;00m [38;5;129;01mnot[39;00m callable(func):
[0;32m-> 1064[0m                 [38;5;28;01mraise[39;00m [38;5;167;01mAttributeError[39;00m([38;5;124mf[39m[38;5;124m"[39m[38;5;132;01m{[39;00m[38;5;28mtype[39m([38;5;28mself[39m)[38;5;241m.[39m[38;5;18m__name__[39m[38;5;132;01m!r}[39;00m[38;5;124m object [39m[38;5;124m"[39m
[1;32m   1065[0m                                      [38;5;124mf[39m[38;5;124m"[39m[38;5;124mhas no property [39m[38;5;132;01m{[39;00mk[38;5;132;01m!r}[39;00m[38;5;124m"[39m)
[1;32m   1066[0m             ret[38;5;241m.[39mappend(func(v))
[1;32m   1067[0m [38;5;28;01mif[39;00m ret:

[0;31mAttributeError[0m: 'PathCollection' object has no property 'palettestring'
AttributeError: 'PathCollection' object has no property 'palettestring'

